<?xml version="1.0" encoding="UTF-8"?>
<!-- Generated by org.testng.reporters.JUnitXMLReporter -->
<testsuite ignored="0" hostname="INBook_X1" failures="0" tests="3" name="Default test" time="16.107" errors="0" timestamp="2024-08-26T19:20:13 IST">
  <testcase classname="pom_Test_execution.Test_Execution" name="loginscenario" time="0.884"/>
  <testcase classname="pom_Test_execution.Test_Execution" name="loginscenario" time="0.93"/>
  <testcase classname="pom_Test_execution.Test_Execution" name="loginscenario" time="4.775"/>
</testsuite> <!-- Default test -->
