<?xml version="1.0" encoding="UTF-8"?>
<testng-results ignored="0" total="3" passed="3" failed="0" skipped="0">
  <reporter-output>
  </reporter-output>
  <suite started-at="2024-08-26T19:19:57 IST" name="Default suite" finished-at="2024-08-26T19:20:13 IST" duration-ms="16107">
    <groups>
    </groups>
    <test started-at="2024-08-26T19:19:57 IST" name="Default test" finished-at="2024-08-26T19:20:13 IST" duration-ms="16107">
      <class name="pom_Test_execution.Test_Execution">
        <test-method is-config="true" signature="beforeClass()[pri:0, instance:pom_Test_execution.Test_Execution@3b0090a4]" started-at="2024-08-26T19:19:57 IST" name="beforeClass" finished-at="2024-08-26T19:20:07 IST" duration-ms="9978" status="PASS">
          <reporter-output>
          </reporter-output>
        </test-method> <!-- beforeClass -->
        <test-method signature="loginscenario()[pri:0, instance:pom_Test_execution.Test_Execution@3b0090a4]" started-at="2024-08-26T19:20:07 IST" name="loginscenario" finished-at="2024-08-26T19:20:08 IST" duration-ms="884" status="PASS">
          <reporter-output>
          </reporter-output>
        </test-method> <!-- loginscenario -->
        <test-method signature="loginscenario()[pri:0, instance:pom_Test_execution.Test_Execution@3b0090a4]" started-at="2024-08-26T19:20:07 IST" name="loginscenario" finished-at="2024-08-26T19:20:08 IST" duration-ms="930" status="PASS">
          <reporter-output>
          </reporter-output>
        </test-method> <!-- loginscenario -->
        <test-method signature="loginscenario()[pri:0, instance:pom_Test_execution.Test_Execution@3b0090a4]" started-at="2024-08-26T19:20:08 IST" name="loginscenario" finished-at="2024-08-26T19:20:13 IST" duration-ms="4775" status="PASS">
          <reporter-output>
          </reporter-output>
        </test-method> <!-- loginscenario -->
        <test-method is-config="true" signature="after_exeution()[pri:0, instance:pom_Test_execution.Test_Execution@3b0090a4]" started-at="2024-08-26T19:20:13 IST" name="after_exeution" finished-at="2024-08-26T19:20:13 IST" duration-ms="192" status="PASS">
          <reporter-output>
          </reporter-output>
        </test-method> <!-- after_exeution -->
      </class> <!-- pom_Test_execution.Test_Execution -->
    </test> <!-- Default test -->
  </suite> <!-- Default suite -->
</testng-results>
